<?xml version="1.0" encoding="UTF-8"?>
<testsuite name="ru.netology.PostmanEchoTest" tests="1" skipped="0" failures="0" errors="0" timestamp="2022-07-20T09:42:56" hostname="MacBook-Pro-Oleg.local" time="4.253">
  <properties/>
  <testcase name="shouldTestPost()" classname="ru.netology.PostmanEchoTest" time="4.253"/>
  <system-out><![CDATA[]]></system-out>
  <system-err><![CDATA[]]></system-err>
</testsuite>
